0 info it worked if it ends with ok
1 verbose cli [ '/usr/bin/node',
1 verbose cli   '/usr/bin/npm',
1 verbose cli   'install',
1 verbose cli   '-g',
1 verbose cli   '@sencha/cmd@7.2.84' ]
2 info using npm@3.5.2
3 info using node@v8.10.0
4 silly loadCurrentTree Starting
5 silly install loadCurrentTree
6 silly install readGlobalPackageData
7 silly fetchPackageMetaData @sencha/cmd@7.2.84
8 silly fetchNamedPackageData @sencha/cmd
9 silly mapToRegistry name @sencha/cmd
10 silly mapToRegistry scope (from package name) @sencha
11 verbose mapToRegistry no registry URL found in name for scope @sencha
12 silly mapToRegistry using default registry
13 silly mapToRegistry registry https://registry.npmjs.org/
14 silly mapToRegistry uri https://registry.npmjs.org/@sencha%2fcmd
15 verbose request uri https://registry.npmjs.org/@sencha%2fcmd
16 verbose request no auth needed
17 info attempt registry request try #1 at 10:43:13 AM
18 verbose request id 8b94e558df4e7f0e
19 verbose etag W/"6585afe189dc87fce9001b1b8ade980d"
20 verbose lastModified Mon, 21 Apr 2025 06:07:44 GMT
21 http request GET https://registry.npmjs.org/@sencha%2fcmd
22 http 304 https://registry.npmjs.org/@sencha%2fcmd
23 verbose headers { date: 'Mon, 28 Jul 2025 10:43:14 GMT',
23 verbose headers   connection: 'keep-alive',
23 verbose headers   'cf-ray': '9663c63a9a803575-JNB',
23 verbose headers   'cf-cache-status': 'HIT',
23 verbose headers   'access-control-allow-origin': '*',
23 verbose headers   'cache-control': 'public, max-age=300',
23 verbose headers   etag: '"6585afe189dc87fce9001b1b8ade980d"',
23 verbose headers   'last-modified': 'Mon, 21 Apr 2025 06:07:44 GMT',
23 verbose headers   vary: 'Accept-Encoding',
23 verbose headers   'set-cookie':
23 verbose headers    [ '_cfuvid=n6I6ZoHjPjSQ_U6BvOQ04Kjp5CwjeJQedJDvq6VV7JY-1753699394273-0.0.1.1-604800000; path=/; domain=.npmjs.org; HttpOnly; Secure; SameSite=None' ],
23 verbose headers   server: 'cloudflare' }
24 silly get cb [ 304,
24 silly get   { date: 'Mon, 28 Jul 2025 10:43:14 GMT',
24 silly get     connection: 'keep-alive',
24 silly get     'cf-ray': '9663c63a9a803575-JNB',
24 silly get     'cf-cache-status': 'HIT',
24 silly get     'access-control-allow-origin': '*',
24 silly get     'cache-control': 'public, max-age=300',
24 silly get     etag: '"6585afe189dc87fce9001b1b8ade980d"',
24 silly get     'last-modified': 'Mon, 21 Apr 2025 06:07:44 GMT',
24 silly get     vary: 'Accept-Encoding',
24 silly get     'set-cookie':
24 silly get      [ '_cfuvid=n6I6ZoHjPjSQ_U6BvOQ04Kjp5CwjeJQedJDvq6VV7JY-1753699394273-0.0.1.1-604800000; path=/; domain=.npmjs.org; HttpOnly; Secure; SameSite=None' ],
24 silly get     server: 'cloudflare' } ]
25 verbose etag https://registry.npmjs.org/@sencha%2fcmd from cache
26 verbose get saving @sencha/cmd to /root/.npm/registry.npmjs.org/_40sencha_252fcmd/.cache.json
27 silly install normalizeTree
28 silly loadCurrentTree Finishing
29 silly loadIdealTree Starting
30 silly install loadIdealTree
31 silly cloneCurrentTree Starting
32 silly install cloneCurrentTreeToIdealTree
33 silly cloneCurrentTree Finishing
34 silly loadShrinkwrap Starting
35 silly install loadShrinkwrap
36 silly loadShrinkwrap Finishing
37 silly loadAllDepsIntoIdealTree Starting
38 silly install loadAllDepsIntoIdealTree
39 silly resolveWithNewModule @sencha/cmd@7.2.84 checking installable status
40 silly cache add args [ '@sencha/cmd@7.2.84', null ]
41 verbose cache add spec @sencha/cmd@7.2.84
42 silly cache add parsed spec Result {
42 silly cache add   raw: '@sencha/cmd@7.2.84',
42 silly cache add   scope: '@sencha',
42 silly cache add   name: '@sencha/cmd',
42 silly cache add   rawSpec: '7.2.84',
42 silly cache add   spec: '7.2.84',
42 silly cache add   type: 'version' }
43 silly addNamed @sencha/cmd@7.2.84
44 verbose addNamed "7.2.84" is a plain semver version for @sencha/cmd
45 silly mapToRegistry name @sencha/cmd
46 silly mapToRegistry scope (from package name) @sencha
47 verbose mapToRegistry no registry URL found in name for scope @sencha
48 silly mapToRegistry using default registry
49 silly mapToRegistry registry https://registry.npmjs.org/
50 silly mapToRegistry uri https://registry.npmjs.org/@sencha%2fcmd
51 verbose addNameVersion registry:https://registry.npmjs.org/@sencha%2fcmd not in flight; fetching
52 verbose get https://registry.npmjs.org/@sencha%2fcmd not expired, no request
53 silly mapToRegistry name @sencha/cmd
54 silly mapToRegistry scope (from package name) @sencha
55 verbose mapToRegistry no registry URL found in name for scope @sencha
56 silly mapToRegistry using default registry
57 silly mapToRegistry registry https://registry.npmjs.org/
58 silly mapToRegistry uri https://registry.npmjs.org/@sencha%2fcmd
59 verbose addRemoteTarball https://registry.npmjs.org/@sencha/cmd/-/cmd-7.2.84.tgz not in flight; adding
60 verbose addRemoteTarball [ 'https://registry.npmjs.org/@sencha/cmd/-/cmd-7.2.84.tgz',
60 verbose addRemoteTarball   'f0f8118fa04afecf0214d289aab09e325b43a13a' ]
61 info retry fetch attempt 1 at 10:43:14 AM
62 info attempt registry request try #1 at 10:43:14 AM
63 http fetch GET https://registry.npmjs.org/@sencha/cmd/-/cmd-7.2.84.tgz
64 http fetch 200 https://registry.npmjs.org/@sencha/cmd/-/cmd-7.2.84.tgz
65 silly fetchAndShaCheck shasum f0f8118fa04afecf0214d289aab09e325b43a13a
66 verbose addTmpTarball /tmp/npm-93267-bb5ff689/registry.npmjs.org/_40sencha/cmd/-/cmd-7.2.84.tgz not in flight; adding
67 verbose addTmpTarball already have metadata; skipping unpack for @sencha/cmd@7.2.84
68 silly cache afterAdd @sencha/cmd@7.2.84
69 verbose afterAdd /root/.npm/@sencha/cmd/7.2.84/package/package.json not in flight; writing
70 verbose afterAdd /root/.npm/@sencha/cmd/7.2.84/package/package.json written
71 silly fetchNamedPackageData which
72 silly mapToRegistry name which
73 silly mapToRegistry using default registry
74 silly mapToRegistry registry https://registry.npmjs.org/
75 silly mapToRegistry uri https://registry.npmjs.org/which
76 verbose request uri https://registry.npmjs.org/which
77 verbose request no auth needed
78 info attempt registry request try #1 at 10:43:15 AM
79 verbose etag W/"dc1ab8db3977d3fb96055455e9e7fc5e"
80 verbose lastModified Wed, 14 May 2025 20:04:29 GMT
81 http request GET https://registry.npmjs.org/which
82 http 304 https://registry.npmjs.org/which
83 verbose headers { date: 'Mon, 28 Jul 2025 10:43:15 GMT',
83 verbose headers   connection: 'keep-alive',
83 verbose headers   'cf-ray': '9663c6447f103575-JNB',
83 verbose headers   'cf-cache-status': 'HIT',
83 verbose headers   'access-control-allow-origin': '*',
83 verbose headers   age: '89',
83 verbose headers   'cache-control': 'public, max-age=300',
83 verbose headers   etag: '"dc1ab8db3977d3fb96055455e9e7fc5e"',
83 verbose headers   'last-modified': 'Wed, 14 May 2025 20:04:29 GMT',
83 verbose headers   vary: 'Accept-Encoding',
83 verbose headers   'set-cookie':
83 verbose headers    [ '_cfuvid=DCVll2fwK1n9B8pYsMrU8QfehOJqPbUIP8UsFdZPawU-1753699395299-0.0.1.1-604800000; path=/; domain=.npmjs.org; HttpOnly; Secure; SameSite=None' ],
83 verbose headers   server: 'cloudflare' }
84 silly get cb [ 304,
84 silly get   { date: 'Mon, 28 Jul 2025 10:43:15 GMT',
84 silly get     connection: 'keep-alive',
84 silly get     'cf-ray': '9663c6447f103575-JNB',
84 silly get     'cf-cache-status': 'HIT',
84 silly get     'access-control-allow-origin': '*',
84 silly get     age: '89',
84 silly get     'cache-control': 'public, max-age=300',
84 silly get     etag: '"dc1ab8db3977d3fb96055455e9e7fc5e"',
84 silly get     'last-modified': 'Wed, 14 May 2025 20:04:29 GMT',
84 silly get     vary: 'Accept-Encoding',
84 silly get     'set-cookie':
84 silly get      [ '_cfuvid=DCVll2fwK1n9B8pYsMrU8QfehOJqPbUIP8UsFdZPawU-1753699395299-0.0.1.1-604800000; path=/; domain=.npmjs.org; HttpOnly; Secure; SameSite=None' ],
84 silly get     server: 'cloudflare' } ]
85 verbose etag https://registry.npmjs.org/which from cache
86 verbose get saving which to /root/.npm/registry.npmjs.org/which/.cache.json
87 silly resolveWithNewModule which@1.3.1 checking installable status
88 silly cache add args [ 'which@^1.2.12', null ]
89 verbose cache add spec which@^1.2.12
90 silly cache add parsed spec Result {
90 silly cache add   raw: 'which@^1.2.12',
90 silly cache add   scope: null,
90 silly cache add   name: 'which',
90 silly cache add   rawSpec: '^1.2.12',
90 silly cache add   spec: '>=1.2.12 <2.0.0',
90 silly cache add   type: 'range' }
91 silly addNamed which@>=1.2.12 <2.0.0
92 verbose addNamed ">=1.2.12 <2.0.0" is a valid semver range for which
93 silly addNameRange { name: 'which', range: '>=1.2.12 <2.0.0', hasData: false }
94 silly mapToRegistry name which
95 silly mapToRegistry using default registry
96 silly mapToRegistry registry https://registry.npmjs.org/
97 silly mapToRegistry uri https://registry.npmjs.org/which
98 verbose addNameRange registry:https://registry.npmjs.org/which not in flight; fetching
99 verbose get https://registry.npmjs.org/which not expired, no request
100 silly addNameRange number 2 { name: 'which', range: '>=1.2.12 <2.0.0', hasData: true }
101 silly addNameRange versions [ 'which',
101 silly addNameRange   [ '1.0.0',
101 silly addNameRange     '1.0.1',
101 silly addNameRange     '1.0.2',
101 silly addNameRange     '1.0.3',
101 silly addNameRange     '1.0.5',
101 silly addNameRange     '1.0.6',
101 silly addNameRange     '1.0.7',
101 silly addNameRange     '1.0.8',
101 silly addNameRange     '1.0.9',
101 silly addNameRange     '1.1.0',
101 silly addNameRange     '1.1.1',
101 silly addNameRange     '1.1.2',
101 silly addNameRange     '1.2.0',
101 silly addNameRange     '1.2.1',
101 silly addNameRange     '1.2.4',
101 silly addNameRange     '1.2.5',
101 silly addNameRange     '1.2.6',
101 silly addNameRange     '1.2.7',
101 silly addNameRange     '1.2.8',
101 silly addNameRange     '1.2.9',
101 silly addNameRange     '1.2.10',
101 silly addNameRange     '1.2.11',
101 silly addNameRange     '1.2.12',
101 silly addNameRange     '1.2.13',
101 silly addNameRange     '1.2.14',
101 silly addNameRange     '1.3.0',
101 silly addNameRange     '1.3.1',
101 silly addNameRange     '2.0.0',
101 silly addNameRange     '2.0.1',
101 silly addNameRange     '2.0.2',
101 silly addNameRange     '3.0.0',
101 silly addNameRange     '3.0.1',
101 silly addNameRange     '4.0.0',
101 silly addNameRange     '5.0.0' ] ]
102 silly addNamed which@1.3.1
103 verbose addNamed "1.3.1" is a plain semver version for which
104 silly cache afterAdd which@1.3.1
105 verbose afterAdd /root/.npm/which/1.3.1/package/package.json not in flight; writing
106 verbose afterAdd /root/.npm/which/1.3.1/package/package.json written
107 silly fetchNamedPackageData isexe
108 silly mapToRegistry name isexe
109 silly mapToRegistry using default registry
110 silly mapToRegistry registry https://registry.npmjs.org/
111 silly mapToRegistry uri https://registry.npmjs.org/isexe
112 verbose request uri https://registry.npmjs.org/isexe
113 verbose request no auth needed
114 info attempt registry request try #1 at 10:43:15 AM
115 verbose etag W/"28a0ed5c78245aa37ff0d0ebba6fe280"
116 verbose lastModified Wed, 02 Aug 2023 18:27:44 GMT
117 http request GET https://registry.npmjs.org/isexe
118 http 304 https://registry.npmjs.org/isexe
119 verbose headers { date: 'Mon, 28 Jul 2025 10:43:15 GMT',
119 verbose headers   connection: 'keep-alive',
119 verbose headers   'cf-ray': '9663c644c8133575-JNB',
119 verbose headers   'cf-cache-status': 'HIT',
119 verbose headers   'access-control-allow-origin': '*',
119 verbose headers   age: '231',
119 verbose headers   'cache-control': 'public, max-age=300',
119 verbose headers   etag: '"28a0ed5c78245aa37ff0d0ebba6fe280"',
119 verbose headers   'last-modified': 'Wed, 02 Aug 2023 18:27:44 GMT',
119 verbose headers   vary: 'Accept-Encoding',
119 verbose headers   'set-cookie':
119 verbose headers    [ '_cfuvid=aUSVobE_cAZ8QOR.XNWYY1RfHpXRWPkAQx4fycbPT9I-1753699395344-0.0.1.1-604800000; path=/; domain=.npmjs.org; HttpOnly; Secure; SameSite=None' ],
119 verbose headers   server: 'cloudflare' }
120 silly get cb [ 304,
120 silly get   { date: 'Mon, 28 Jul 2025 10:43:15 GMT',
120 silly get     connection: 'keep-alive',
120 silly get     'cf-ray': '9663c644c8133575-JNB',
120 silly get     'cf-cache-status': 'HIT',
120 silly get     'access-control-allow-origin': '*',
120 silly get     age: '231',
120 silly get     'cache-control': 'public, max-age=300',
120 silly get     etag: '"28a0ed5c78245aa37ff0d0ebba6fe280"',
120 silly get     'last-modified': 'Wed, 02 Aug 2023 18:27:44 GMT',
120 silly get     vary: 'Accept-Encoding',
120 silly get     'set-cookie':
120 silly get      [ '_cfuvid=aUSVobE_cAZ8QOR.XNWYY1RfHpXRWPkAQx4fycbPT9I-1753699395344-0.0.1.1-604800000; path=/; domain=.npmjs.org; HttpOnly; Secure; SameSite=None' ],
120 silly get     server: 'cloudflare' } ]
121 verbose etag https://registry.npmjs.org/isexe from cache
122 verbose get saving isexe to /root/.npm/registry.npmjs.org/isexe/.cache.json
123 silly resolveWithNewModule isexe@2.0.0 checking installable status
124 silly cache add args [ 'isexe@^2.0.0', null ]
125 verbose cache add spec isexe@^2.0.0
126 silly cache add parsed spec Result {
126 silly cache add   raw: 'isexe@^2.0.0',
126 silly cache add   scope: null,
126 silly cache add   name: 'isexe',
126 silly cache add   rawSpec: '^2.0.0',
126 silly cache add   spec: '>=2.0.0 <3.0.0',
126 silly cache add   type: 'range' }
127 silly addNamed isexe@>=2.0.0 <3.0.0
128 verbose addNamed ">=2.0.0 <3.0.0" is a valid semver range for isexe
129 silly addNameRange { name: 'isexe', range: '>=2.0.0 <3.0.0', hasData: false }
130 silly mapToRegistry name isexe
131 silly mapToRegistry using default registry
132 silly mapToRegistry registry https://registry.npmjs.org/
133 silly mapToRegistry uri https://registry.npmjs.org/isexe
134 verbose addNameRange registry:https://registry.npmjs.org/isexe not in flight; fetching
135 verbose get https://registry.npmjs.org/isexe not expired, no request
136 silly addNameRange number 2 { name: 'isexe', range: '>=2.0.0 <3.0.0', hasData: true }
137 silly addNameRange versions [ 'isexe',
137 silly addNameRange   [ '1.0.0',
137 silly addNameRange     '1.0.1',
137 silly addNameRange     '1.1.0',
137 silly addNameRange     '1.1.1',
137 silly addNameRange     '1.1.2',
137 silly addNameRange     '2.0.0',
137 silly addNameRange     '3.0.0',
137 silly addNameRange     '3.1.0',
137 silly addNameRange     '3.1.1' ] ]
138 silly addNamed isexe@2.0.0
139 verbose addNamed "2.0.0" is a plain semver version for isexe
140 silly cache afterAdd isexe@2.0.0
141 verbose afterAdd /root/.npm/isexe/2.0.0/package/package.json not in flight; writing
142 verbose afterAdd /root/.npm/isexe/2.0.0/package/package.json written
143 silly loadAllDepsIntoIdealTree Finishing
144 silly idealTree:prePrune lib
144 silly idealTree:prePrune └─┬ @sencha/cmd@7.2.84
144 silly idealTree:prePrune   ├── isexe@2.0.0
144 silly idealTree:prePrune   └── which@1.3.1
145 silly loadIdealTree Finishing
146 silly currentTree lib
147 silly idealTree lib
147 silly idealTree └─┬ @sencha/cmd@7.2.84
147 silly idealTree   ├── isexe@2.0.0
147 silly idealTree   └── which@1.3.1
148 silly generateActionsToTake Starting
149 silly install generateActionsToTake
150 silly generateActionsToTake Finishing
151 silly diffTrees action count 3
152 silly diffTrees add isexe@2.0.0
153 silly diffTrees add which@1.3.1
154 silly diffTrees add @sencha/cmd@7.2.84
155 silly decomposeActions action count 24
156 silly decomposeActions fetch isexe@2.0.0
157 silly decomposeActions extract isexe@2.0.0
158 silly decomposeActions test isexe@2.0.0
159 silly decomposeActions preinstall isexe@2.0.0
160 silly decomposeActions build isexe@2.0.0
161 silly decomposeActions install isexe@2.0.0
162 silly decomposeActions postinstall isexe@2.0.0
163 silly decomposeActions finalize isexe@2.0.0
164 silly decomposeActions fetch which@1.3.1
165 silly decomposeActions extract which@1.3.1
166 silly decomposeActions test which@1.3.1
167 silly decomposeActions preinstall which@1.3.1
168 silly decomposeActions build which@1.3.1
169 silly decomposeActions install which@1.3.1
170 silly decomposeActions postinstall which@1.3.1
171 silly decomposeActions finalize which@1.3.1
172 silly decomposeActions fetch @sencha/cmd@7.2.84
173 silly decomposeActions extract @sencha/cmd@7.2.84
174 silly decomposeActions test @sencha/cmd@7.2.84
175 silly decomposeActions preinstall @sencha/cmd@7.2.84
176 silly decomposeActions build @sencha/cmd@7.2.84
177 silly decomposeActions install @sencha/cmd@7.2.84
178 silly decomposeActions postinstall @sencha/cmd@7.2.84
179 silly decomposeActions finalize @sencha/cmd@7.2.84
180 silly executeActions Starting
181 silly install executeActions
182 silly doSerial global-install 0
183 silly doParallel fetch 3
184 verbose lock using /root/.npm/_locks/staging-3a08f0df5026584d.lock for /usr/local/lib/node_modules/.staging
185 silly doParallel extract 3
186 silly extract isexe@2.0.0
187 silly extract which@1.3.1
188 silly extract @sencha/cmd@7.2.84
189 verbose unbuild lib/node_modules/.staging/isexe-c2b1ceaf
190 verbose unbuild lib/node_modules/.staging/which-0f41131e
191 silly gentlyRm /usr/local/lib/node_modules/.staging/isexe-c2b1ceaf is being purged from base /usr/local
192 verbose gentlyRm don't care about contents; nuking /usr/local/lib/node_modules/.staging/isexe-c2b1ceaf
193 verbose unbuild lib/node_modules/.staging/@sencha/cmd-cdce255c
194 verbose tar unpack /root/.npm/isexe/2.0.0/package.tgz
195 verbose tar unpacking to /usr/local/lib/node_modules/.staging/isexe-c2b1ceaf
196 silly gentlyRm /usr/local/lib/node_modules/.staging/isexe-c2b1ceaf is being purged
197 verbose gentlyRm don't care about contents; nuking /usr/local/lib/node_modules/.staging/isexe-c2b1ceaf
198 silly gentlyRm /usr/local/lib/node_modules/.staging/which-0f41131e is being purged from base /usr/local
199 verbose gentlyRm don't care about contents; nuking /usr/local/lib/node_modules/.staging/which-0f41131e
200 silly gunzTarPerm modes [ '755', '644' ]
201 verbose tar unpack /root/.npm/which/1.3.1/package.tgz
202 verbose tar unpacking to /usr/local/lib/node_modules/.staging/which-0f41131e
203 silly gentlyRm /usr/local/lib/node_modules/.staging/which-0f41131e is being purged
204 verbose gentlyRm don't care about contents; nuking /usr/local/lib/node_modules/.staging/which-0f41131e
205 silly gentlyRm /usr/local/lib/node_modules/.staging/@sencha/cmd-cdce255c is being purged from base /usr/local
206 verbose gentlyRm don't care about contents; nuking /usr/local/lib/node_modules/.staging/@sencha/cmd-cdce255c
207 silly gunzTarPerm modes [ '755', '644' ]
208 verbose tar unpack /root/.npm/@sencha/cmd/7.2.84/package.tgz
209 verbose tar unpacking to /usr/local/lib/node_modules/.staging/@sencha/cmd-cdce255c
210 silly gentlyRm /usr/local/lib/node_modules/.staging/@sencha/cmd-cdce255c is being purged
211 verbose gentlyRm don't care about contents; nuking /usr/local/lib/node_modules/.staging/@sencha/cmd-cdce255c
212 silly gunzTarPerm modes [ '755', '644' ]
213 silly gunzTarPerm extractEntry package.json
214 silly gunzTarPerm extractEntry package.json
215 silly gunzTarPerm extractEntry package.json
216 silly gunzTarPerm modified mode [ 'package.json', 436, 420 ]
217 silly gunzTarPerm extractEntry .npmignore
218 silly gunzTarPerm extractEntry README.md
219 silly gunzTarPerm extractEntry CHANGELOG.md
220 silly gunzTarPerm extractEntry LICENSE
221 silly gunzTarPerm extractEntry .npmignore
222 silly gunzTarPerm modified mode [ '.npmignore', 436, 420 ]
223 silly gunzTarPerm extractEntry README.md
224 silly gunzTarPerm modified mode [ 'README.md', 436, 420 ]
225 silly gunzTarPerm extractEntry LICENSE
226 silly gunzTarPerm extractEntry windows.js
227 silly gunzTarPerm extractEntry index.js
228 silly gunzTarPerm modified mode [ 'index.js', 436, 420 ]
229 silly gunzTarPerm extractEntry platform-install.js
230 silly gunzTarPerm modified mode [ 'platform-install.js', 436, 420 ]
231 silly gunzTarPerm extractEntry README.md
232 silly gunzTarPerm extractEntry which.js
233 silly gunzTarPerm extractEntry index.js
234 silly gunzTarPerm extractEntry mode.js
235 silly gunzTarPerm extractEntry LICENSE.md
236 silly gunzTarPerm modified mode [ 'LICENSE.md', 436, 420 ]
237 silly gunzTarPerm extractEntry bin/sencha
238 silly gunzTarPerm modified mode [ 'bin/sencha', 436, 420 ]
239 silly gunzTarPerm extractEntry bin/which
240 silly gunzTarPerm extractEntry test/basic.js
241 silly gentlyRm /usr/local/lib/node_modules/.staging/which-0f41131e/node_modules is being purged
242 verbose gentlyRm don't care about contents; nuking /usr/local/lib/node_modules/.staging/which-0f41131e/node_modules
243 silly gentlyRm /usr/local/lib/node_modules/.staging/@sencha/cmd-cdce255c/node_modules is being purged
244 verbose gentlyRm don't care about contents; nuking /usr/local/lib/node_modules/.staging/@sencha/cmd-cdce255c/node_modules
245 silly gentlyRm /usr/local/lib/node_modules/.staging/isexe-c2b1ceaf/node_modules is being purged
246 verbose gentlyRm don't care about contents; nuking /usr/local/lib/node_modules/.staging/isexe-c2b1ceaf/node_modules
247 silly doParallel preinstall 3
248 silly preinstall isexe@2.0.0 /usr/local/lib/node_modules/.staging/isexe-c2b1ceaf
249 info lifecycle isexe@2.0.0~preinstall: isexe@2.0.0
250 silly preinstall which@1.3.1 /usr/local/lib/node_modules/.staging/which-0f41131e
251 info lifecycle which@1.3.1~preinstall: which@1.3.1
252 silly preinstall @sencha/cmd@7.2.84 /usr/local/lib/node_modules/.staging/@sencha/cmd-cdce255c
253 info lifecycle @sencha/cmd@7.2.84~preinstall: @sencha/cmd@7.2.84
254 silly lifecycle isexe@2.0.0~preinstall: no script for preinstall, continuing
255 silly lifecycle which@1.3.1~preinstall: no script for preinstall, continuing
256 silly lifecycle @sencha/cmd@7.2.84~preinstall: no script for preinstall, continuing
257 silly doReverseSerial remove 0
258 silly doSerial move 0
259 silly doSerial finalize 3
260 silly finalize /usr/local/lib/node_modules/@sencha/cmd/node_modules/isexe
261 silly finalize /usr/local/lib/node_modules/@sencha/cmd/node_modules/which
262 silly finalize /usr/local/lib/node_modules/@sencha/cmd
263 silly doSerial build 3
264 silly build isexe@2.0.0
265 info linkStuff isexe@2.0.0
266 silly linkStuff isexe@2.0.0 has /usr/local/lib/node_modules/@sencha/cmd/node_modules as its parent node_modules
267 silly linkStuff isexe@2.0.0 is part of a global install
268 silly linkStuff isexe@2.0.0 is installed into a global node_modules
269 verbose linkBins isexe@2.0.0
270 verbose linkMans isexe@2.0.0
271 silly build which@1.3.1
272 info linkStuff which@1.3.1
273 silly linkStuff which@1.3.1 has /usr/local/lib/node_modules/@sencha/cmd/node_modules as its parent node_modules
274 silly linkStuff which@1.3.1 is part of a global install
275 silly linkStuff which@1.3.1 is installed into a global node_modules
276 verbose linkBins which@1.3.1
277 verbose link bins [ { which: './bin/which' },
277 verbose link bins   '/usr/local/lib/node_modules/@sencha/cmd/node_modules/.bin',
277 verbose link bins   false ]
278 verbose linkMans which@1.3.1
279 silly gentlyRm /usr/local/lib/node_modules/@sencha/cmd/node_modules/.bin/which is being purged
280 verbose gentlyRm don't care about contents; nuking /usr/local/lib/node_modules/@sencha/cmd/node_modules/.bin/which
281 silly build @sencha/cmd@7.2.84
282 info linkStuff @sencha/cmd@7.2.84
283 silly linkStuff @sencha/cmd@7.2.84 has /usr/local/lib/node_modules as its parent node_modules
284 silly linkStuff @sencha/cmd@7.2.84 is part of a global install
285 silly linkStuff @sencha/cmd@7.2.84 is installed into a global node_modules
286 silly linkStuff @sencha/cmd@7.2.84 is installed into the top-level global node_modules
287 verbose linkBins @sencha/cmd@7.2.84
288 verbose link bins [ { sencha: 'bin/sencha' }, '/usr/local/bin', true ]
289 verbose linkMans @sencha/cmd@7.2.84
290 silly doSerial global-link 0
291 silly doParallel update-linked 0
292 silly doSerial install 3
293 silly install isexe@2.0.0 /usr/local/lib/node_modules/.staging/isexe-c2b1ceaf
294 info lifecycle isexe@2.0.0~install: isexe@2.0.0
295 silly lifecycle isexe@2.0.0~install: no script for install, continuing
296 silly install which@1.3.1 /usr/local/lib/node_modules/.staging/which-0f41131e
297 info lifecycle which@1.3.1~install: which@1.3.1
298 silly lifecycle which@1.3.1~install: no script for install, continuing
299 silly install @sencha/cmd@7.2.84 /usr/local/lib/node_modules/.staging/@sencha/cmd-cdce255c
300 info lifecycle @sencha/cmd@7.2.84~install: @sencha/cmd@7.2.84
301 verbose lifecycle @sencha/cmd@7.2.84~install: unsafe-perm in lifecycle false
302 verbose lifecycle @sencha/cmd@7.2.84~install: PATH: /usr/share/npm/bin/node-gyp-bin:/usr/local/lib/node_modules/@sencha/cmd/node_modules/.bin:/usr/local/lib/node_modules/.bin:/usr/local/sbin:/usr/local/bin:/usr/sbin:/usr/bin:/sbin:/bin
303 verbose lifecycle @sencha/cmd@7.2.84~install: CWD: /usr/local/lib/node_modules/@sencha/cmd
304 silly lifecycle @sencha/cmd@7.2.84~install: Args: [ '-c', 'node platform-install.js' ]
305 silly lifecycle @sencha/cmd@7.2.84~install: Returned: code: 126  signal: null
306 info lifecycle @sencha/cmd@7.2.84~install: Failed to exec install script
307 verbose unlock done using /root/.npm/_locks/staging-3a08f0df5026584d.lock for /usr/local/lib/node_modules/.staging
308 silly rollbackFailedOptional Starting
309 silly rollbackFailedOptional Finishing
310 silly runTopLevelLifecycles Starting
311 silly runTopLevelLifecycles Finishing
312 silly install printInstalled
313 verbose stack Error: @sencha/cmd@7.2.84 install: `node platform-install.js`
313 verbose stack Exit status 126
313 verbose stack     at EventEmitter.<anonymous> (/usr/share/npm/lib/utils/lifecycle.js:232:16)
313 verbose stack     at emitTwo (events.js:126:13)
313 verbose stack     at EventEmitter.emit (events.js:214:7)
313 verbose stack     at ChildProcess.<anonymous> (/usr/share/npm/lib/utils/spawn.js:24:14)
313 verbose stack     at emitTwo (events.js:126:13)
313 verbose stack     at ChildProcess.emit (events.js:214:7)
313 verbose stack     at maybeClose (internal/child_process.js:925:16)
313 verbose stack     at Process.ChildProcess._handle.onexit (internal/child_process.js:209:5)
314 verbose pkgid @sencha/cmd@7.2.84
315 verbose cwd /var/www/rdcore/rd
316 error Linux 6.8.0-1032-gcp
317 error argv "/usr/bin/node" "/usr/bin/npm" "install" "-g" "@sencha/cmd@7.2.84"
318 error node v8.10.0
319 error npm  v3.5.2
320 error code ELIFECYCLE
321 error @sencha/cmd@7.2.84 install: `node platform-install.js`
321 error Exit status 126
322 error Failed at the @sencha/cmd@7.2.84 install script 'node platform-install.js'.
322 error Make sure you have the latest version of node.js and npm installed.
322 error If you do, this is most likely a problem with the @sencha/cmd package,
322 error not with npm itself.
322 error Tell the author that this fails on your system:
322 error     node platform-install.js
322 error You can get information on how to open an issue for this project with:
322 error     npm bugs @sencha/cmd
322 error Or if that isn't available, you can get their info via:
322 error     npm owner ls @sencha/cmd
322 error There is likely additional logging output above.
323 verbose exit [ 1, true ]
